-------------------------------------------------------------------------------
Test set: com.abcjob.AbcTest
-------------------------------------------------------------------------------
Tests run: 1, Failures: 1, Errors: 0, Skipped: 0, Time elapsed: 0.004 sec <<< FAILURE!
com.abcjob.AbcTest.testCreateUser()  Time elapsed: 0.003 sec  <<< FAILURE!
java.lang.NullPointerException: Cannot invoke "com.abcjob.service.Repo.save(Object)" because "this.repo" is null
	at com.abcjob.AbcTest.testCreateUser(AbcTest.java:51)

