<?xml version="1.0" encoding="UTF-8" ?>
<testsuite tests="1" failures="1" name="com.abcjob.AbcTest" time="0.003" errors="0" skipped="0">
  <properties>
[...]
</properties>
  <testcase classname="com.abcjob.AbcTest" name="com.abcjob.AbcTest.testCreateUser" time="0.003">
    <failure message="Cannot invoke &quot;com.abcjob.service.Repo.save(Object)&quot; because &quot;this.repo&quot; is null" type="java.lang.NullPointerException">java.lang.NullPointerException: Cannot invoke &quot;com.abcjob.service.Repo.save(Object)&quot; because &quot;this.repo&quot; is null
	at com.abcjob.AbcTest.testCreateUser(AbcTest.java:51)
</failure>
  </testcase>
</testsuite>